<?xml version="1.0" encoding="UTF-8"?>
<!-- Generated by org.testng.reporters.JUnitReportReporter -->
<testsuite hostname="MUJTABA-AFZAL" failures="0" tests="2" name="TestProject.Tests.LoginTests" time="2.437" errors="0" timestamp="2023-02-21T12:53:57 PKT" skipped="0">
  <testcase classname="TestProject.Tests.LoginTests" name="login" time="0.295"/>
  <system-out/>
  <testcase classname="TestProject.Tests.LoginTests" name="logout" time="2.142"/>
  <system-out/>
</testsuite> <!-- TestProject.Tests.LoginTests -->
