<?xml version="1.0" encoding="UTF-8"?>
<!-- Generated by org.testng.reporters.JUnitReportReporter -->
<testsuite hostname="MUJTABA-AFZAL" failures="0" tests="2" name="TestProject.Tests.LoginTests" time="31.173" errors="0" timestamp="2023-02-21T16:22:59 PKT" skipped="0">
  <testcase classname="TestProject.Tests.LoginTests" name="login" time="1.025"/>
  <system-out/>
  <testcase classname="TestProject.Tests.LoginTests" name="logout" time="30.148"/>
  <system-out/>
</testsuite> <!-- TestProject.Tests.LoginTests -->
